0 info it worked if it ends with ok
1 verbose cli [ '/usr/local/Cellar/node/0.8.16/bin/node',
1 verbose cli   '/usr/local/bin/npm',
1 verbose cli   'install',
1 verbose cli   'faker' ]
2 info using npm@1.1.69
3 info using node@v0.8.16
4 verbose read json /Users/joelepper/burnside/switchboard/package.json
5 verbose read json /Users/joelepper/burnside/switchboard/node_modules/express/package.json
6 verbose read json /Users/joelepper/burnside/switchboard/node_modules/mongoose/package.json
7 verbose read json /Users/joelepper/burnside/switchboard/package.json
8 verbose cache add [ 'faker', null ]
9 silly cache add name=undefined spec="faker" args=["faker",null]
10 verbose parsed url { pathname: 'faker', path: 'faker', href: 'faker' }
11 silly lockFile 4676ae4d-faker faker
12 verbose lock faker /Users/joelepper/.npm/4676ae4d-faker.lock
13 silly lockFile 4676ae4d-faker faker
14 verbose addNamed [ 'faker', '' ]
15 verbose addNamed [ null, '' ]
16 silly lockFile 46c09e1f-faker faker@
17 verbose lock faker@ /Users/joelepper/.npm/46c09e1f-faker.lock
18 silly addNameRange { name: 'faker', range: '', hasData: false }
19 verbose url raw faker
20 verbose url resolving [ 'https://registry.npmjs.org/', './faker' ]
21 verbose url resolved https://registry.npmjs.org/faker
22 info trying registry request attempt 1 at 13:43:29
23 http GET https://registry.npmjs.org/faker
24 http 404 https://registry.npmjs.org/faker
25 silly registry.get cb [ 404,
25 silly registry.get   { server: 'CouchDB/1.2.1 (Erlang OTP/R15B03)',
25 silly registry.get     date: 'Mon, 25 Feb 2013 21:43:30 GMT',
25 silly registry.get     'content-type': 'application/json',
25 silly registry.get     'content-length': '52',
25 silly registry.get     'cache-control': 'must-revalidate' } ]
26 silly lockFile 46c09e1f-faker faker@
27 error 404 'faker' is not in the npm registry.
27 error 404 You should bug the author to publish it
27 error 404
27 error 404 Note that you can also install from a
27 error 404 tarball, folder, or http url, or git url.
28 error System Darwin 12.2.0
29 error command "/usr/local/Cellar/node/0.8.16/bin/node" "/usr/local/bin/npm" "install" "faker"
30 error cwd /Users/joelepper/burnside/switchboard
31 error node -v v0.8.16
32 error npm -v 1.1.69
33 error code E404
34 verbose exit [ 1, true ]
